# JRE version: OpenJDK Runtime Environment Microsoft-8035246 (17.0.8+7) (build 17.0.8+7-LTS)
# Java VM: OpenJDK 64-Bit Server VM Microsoft-8035246 (17.0.8+7-LTS, mixed mode, sharing, tiered, compressed oops, compressed class ptrs, g1 gc, windows-amd64)
GC Precious Log:
 CPUs: 8 total, 8 available
 Memory: 16215M
 Large Page Support: Disabled
 NUMA Support: Disabled
 Compressed Oops: Enabled (32-bit)
 Heap Region Size: 1M
 Heap Min Capacity: 8M
 Heap Initial Capacity: 254M
 Heap Max Capacity: 2G
 Pre-touch: Disabled
 Parallel Workers: 8
 Concurrent Workers: 2
 Concurrent Refinement Workers: 8
 Periodic GC: Disabled
Heap:
 garbage-first heap   total 361472K, used 282076K [0x0000000080000000, 0x0000000100000000)
  region size 1024K, 85 young (87040K), 3 survivors (3072K)
 Metaspace       used 104451K, committed 105728K, reserved 557056K
  class space    used 14631K, committed 15232K, reserved 425984K
GC Heap History (20 events):
Event: 17.938 GC heap before
{Heap before GC invocations=28 (full 0):
 garbage-first heap   total 163840K, used 137533K [0x0000000080000000, 0x0000000100000000)
  region size 1024K, 46 young (47104K), 3 survivors (3072K)
 Metaspace       used 86688K, committed 87552K, reserved 557056K
  class space    used 12269K, committed 12672K, reserved 425984K
}
Event: 17.944 GC heap after
{Heap after GC invocations=29 (full 0):
 garbage-first heap   total 163840K, used 98902K [0x0000000080000000, 0x0000000100000000)
  region size 1024K, 6 young (6144K), 6 survivors (6144K)
 Metaspace       used 86688K, committed 87552K, reserved 557056K
  class space    used 12269K, committed 12672K, reserved 425984K
}
Event: 18.640 GC heap before
{Heap before GC invocations=29 (full 0):
 garbage-first heap   total 163840K, used 136790K [0x0000000080000000, 0x0000000100000000)
  region size 1024K, 43 young (44032K), 6 survivors (6144K)
 Metaspace       used 88120K, committed 89152K, reserved 557056K
  class space    used 12475K, committed 12928K, reserved 425984K
}
Event: 18.650 GC heap after
{Heap after GC invocations=30 (full 0):
 garbage-first heap   total 301056K, used 107633K [0x0000000080000000, 0x0000000100000000)
  region size 1024K, 6 young (6144K), 6 survivors (6144K)
 Metaspace       used 88120K, committed 89152K, reserved 557056K
  class space    used 12475K, committed 12928K, reserved 425984K
}
Event: 19.920 GC heap before
{Heap before GC invocations=30 (full 0):
 garbage-first heap   total 301056K, used 234609K [0x0000000080000000, 0x0000000100000000)
  region size 1024K, 124 young (126976K), 6 survivors (6144K)
 Metaspace       used 91096K, committed 92224K, reserved 557056K
  class space    used 12890K, committed 13376K, reserved 425984K
}
Event: 19.934 GC heap after
{Heap after GC invocations=31 (full 0):
 garbage-first heap   total 301056K, used 138075K [0x0000000080000000, 0x0000000100000000)
  region size 1024K, 16 young (16384K), 16 survivors (16384K)
 Metaspace       used 91096K, committed 92224K, reserved 557056K
  class space    used 12890K, committed 13376K, reserved 425984K
}
Event: 20.668 GC heap before
{Heap before GC invocations=31 (full 0):
 garbage-first heap   total 301056K, used 232283K [0x0000000080000000, 0x0000000100000000)
  region size 1024K, 108 young (110592K), 16 survivors (16384K)
 Metaspace       used 96025K, committed 97216K, reserved 557056K
  class space    used 13579K, committed 14144K, reserved 425984K
}
Event: 20.678 GC heap after
{Heap after GC invocations=32 (full 0):
 garbage-first heap   total 301056K, used 145082K [0x0000000080000000, 0x0000000100000000)
  region size 1024K, 6 young (6144K), 6 survivors (6144K)
 Metaspace       used 96025K, committed 97216K, reserved 557056K
  class space    used 13579K, committed 14144K, reserved 425984K
}
Event: 21.202 GC heap before
{Heap before GC invocations=32 (full 0):
 garbage-first heap   total 301056K, used 238266K [0x0000000080000000, 0x0000000100000000)
  region size 1024K, 97 young (99328K), 6 survivors (6144K)
 Metaspace       used 96362K, committed 97600K, reserved 557056K
  class space    used 13612K, committed 14208K, reserved 425984K
}
Event: 21.215 GC heap after
{Heap after GC invocations=33 (full 0):
 garbage-first heap   total 301056K, used 160004K [0x0000000080000000, 0x0000000100000000)
  region size 1024K, 13 young (13312K), 13 survivors (13312K)
 Metaspace       used 96362K, committed 97600K, reserved 557056K
  class space    used 13612K, committed 14208K, reserved 425984K
}
Event: 22.002 GC heap before
{Heap before GC invocations=33 (full 0):
 garbage-first heap   total 301056K, used 239876K [0x0000000080000000, 0x0000000100000000)
  region size 1024K, 90 young (92160K), 13 survivors (13312K)
 Metaspace       used 98746K, committed 100032K, reserved 557056K
  class space    used 13963K, committed 14528K, reserved 425984K
}
Event: 22.021 GC heap after
{Heap after GC invocations=34 (full 0):
 garbage-first heap   total 301056K, used 174849K [0x0000000080000000, 0x0000000100000000)
  region size 1024K, 12 young (12288K), 12 survivors (12288K)
 Metaspace       used 98746K, committed 100032K, reserved 557056K
  class space    used 13963K, committed 14528K, reserved 425984K
}
Event: 22.882 GC heap before
{Heap before GC invocations=34 (full 0):
 garbage-first heap   total 301056K, used 242433K [0x0000000080000000, 0x0000000100000000)
  region size 1024K, 78 young (79872K), 12 survivors (12288K)
 Metaspace       used 102416K, committed 103680K, reserved 557056K
  class space    used 14407K, committed 14976K, reserved 425984K
}
Event: 22.899 GC heap after
{Heap after GC invocations=35 (full 0):
 garbage-first heap   total 301056K, used 184568K [0x0000000080000000, 0x0000000100000000)
  region size 1024K, 10 young (10240K), 10 survivors (10240K)
 Metaspace       used 102416K, committed 103680K, reserved 557056K
  class space    used 14407K, committed 14976K, reserved 425984K
}
Event: 23.352 GC heap before
{Heap before GC invocations=35 (full 0):
 garbage-first heap   total 301056K, used 243960K [0x0000000080000000, 0x0000000100000000)
  region size 1024K, 68 young (69632K), 10 survivors (10240K)
 Metaspace       used 102796K, committed 104000K, reserved 557056K
  class space    used 14425K, committed 14976K, reserved 425984K
}
Event: 23.372 GC heap after
{Heap after GC invocations=36 (full 0):
 garbage-first heap   total 301056K, used 190988K [0x0000000080000000, 0x0000000100000000)
  region size 1024K, 6 young (6144K), 6 survivors (6144K)
 Metaspace       used 102796K, committed 104000K, reserved 557056K
  class space    used 14425K, committed 14976K, reserved 425984K
}
Event: 23.780 GC heap before
{Heap before GC invocations=36 (full 0):
 garbage-first heap   total 301056K, used 247308K [0x0000000080000000, 0x0000000100000000)
  region size 1024K, 61 young (62464K), 6 survivors (6144K)
 Metaspace       used 103662K, committed 104960K, reserved 557056K
  class space    used 14576K, committed 15168K, reserved 425984K
}
Event: 23.798 GC heap after
{Heap after GC invocations=37 (full 0):
 garbage-first heap   total 301056K, used 197870K [0x0000000080000000, 0x0000000100000000)
  region size 1024K, 7 young (7168K), 7 survivors (7168K)
 Metaspace       used 103662K, committed 104960K, reserved 557056K
  class space    used 14576K, committed 15168K, reserved 425984K
}
Event: 24.329 GC heap before
{Heap before GC invocations=37 (full 0):
 garbage-first heap   total 301056K, used 248046K [0x0000000080000000, 0x0000000100000000)
  region size 1024K, 57 young (58368K), 7 survivors (7168K)
 Metaspace       used 104070K, committed 105408K, reserved 557056K
  class space    used 14581K, committed 15168K, reserved 425984K
}
Event: 24.338 GC heap after
{Heap after GC invocations=38 (full 0):
 garbage-first heap   total 361472K, used 200156K [0x0000000080000000, 0x0000000100000000)
  region size 1024K, 3 young (3072K), 3 survivors (3072K)
 Metaspace       used 104070K, committed 105408K, reserved 557056K
  class space    used 14581K, committed 15168K, reserved 425984K
}

